<!DOCTYPE html PUBLIC "-//W3C//DTD XHTML 1.1//EN" "http://www.w3.org/TR/xhtml11/DTD/xhtml11.dtd">
<html xmlns="http://www.w3.org/1999/xhtml"><head><title>TestNG Report</title><style type="text/css">table {margin-bottom:10px;border-collapse:collapse;empty-cells:show}th,td {border:1px solid #009;padding:.25em .5em}th {vertical-align:bottom}td {vertical-align:top}table a {font-weight:bold}.stripe td {background-color: #E6EBF9}.num {text-align:right}.passedodd td {background-color: #3F3}.passedeven td {background-color: #0A0}.skippedodd td {background-color: #DDD}.skippedeven td {background-color: #CCC}.failedodd td,.attn {background-color: #F33}.failedeven td,.stripe .attn {background-color: #D00}.stacktrace {white-space:pre;font-family:monospace}.totop {font-size:85%;text-align:center;border-bottom:2px solid #000}</style></head><body><table><tr><th>Test</th><th># Passed</th><th># Skipped</th><th># Failed</th><th>Time (ms)</th><th>Included Groups</th><th>Excluded Groups</th></tr><tr><th colspan="7">Suite</th></tr><tr><td><a href="#t0">New_Connect_ME_EDI_New_connect</a></td><td class="num">4</td><td class="num attn">2</td><td class="num attn">1</td><td class="num">189,565</td><td></td><td></td></tr></table><table><thead><tr><th>Class</th><th>Method</th><th>Start</th><th>Time (ms)</th></tr></thead><tbody><tr><th colspan="4">Suite</th></tr></tbody><tbody id="t0"><tr><th colspan="4">New_Connect_ME_EDI_New_connect &#8212; failed</th></tr><tr class="failedeven"><td rowspan="1">com.comcast.century.newConnect.NewConnectTest</td><td><a href="#m0">selectService</a></td><td rowspan="1">1470424117443</td><td rowspan="1">31285</td></tr><tr><th colspan="4">New_Connect_ME_EDI_New_connect &#8212; skipped</th></tr><tr class="skippedeven"><td rowspan="2">com.comcast.century.newConnect.NewConnectTest</td><td><a href="#m1">processService</a></td><td rowspan="1">1470424148741</td><td rowspan="1">0</td></tr><tr class="skippedeven"><td><a href="#m2">submitOrder</a></td><td rowspan="1">1470424148743</td><td rowspan="1">0</td></tr><tr><th colspan="4">New_Connect_ME_EDI_New_connect &#8212; passed</th></tr><tr class="passedeven"><td rowspan="4">com.comcast.century.newConnect.NewConnectTest</td><td><a href="#m3">createAddress</a></td><td rowspan="1">1470424082750</td><td rowspan="1">34689</td></tr><tr class="passedeven"><td><a href="#m4">createBillingAccount</a></td><td rowspan="1">1470424036627</td><td rowspan="1">46116</td></tr><tr class="passedeven"><td><a href="#m5">createCustomer</a></td><td rowspan="1">1470423989929</td><td rowspan="1">17724</td></tr><tr class="passedeven"><td><a href="#m6">createServiceAccount</a></td><td rowspan="1">1470424007658</td><td rowspan="1">28963</td></tr></tbody></table><h2>New_Connect_ME_EDI_New_connect</h2><h3 id="m0">com.comcast.century.newConnect.NewConnectTest#selectService</h3><table class="result"><tr><th>Exception</th></tr><tr><td><div class="stacktrace">org.openqa.selenium.NoSuchElementException: Unable to locate element: {&quot;method&quot;:&quot;xpath&quot;,&quot;selector&quot;:&quot;//*[@id=&apos;loadSelectedProducts&apos;]&quot;}
Command duration or timeout: 10.18 seconds
For documentation on this error, please visit: http://seleniumhq.org/exceptions/no_such_element.html
Build info: version: &apos;2.53.1&apos;, revision: &apos;a36b8b1cd5757287168e54b817830adce9b0158d&apos;, time: &apos;2016-06-30 19:26:09&apos;
System info: host: &apos;HQSWL-335593&apos;, ip: &apos;10.20.205.250&apos;, os.name: &apos;Windows 7&apos;, os.arch: &apos;amd64&apos;, os.version: &apos;6.1&apos;, java.version: &apos;1.8.0_77&apos;
Driver info: org.openqa.selenium.firefox.FirefoxDriver
Capabilities [{applicationCacheEnabled=true, rotatable=false, handlesAlerts=true, databaseEnabled=true, version=47.0.1, platform=WINDOWS, nativeEvents=false, acceptSslCerts=true, webStorageEnabled=true, locationContextEnabled=true, browserName=firefox, takesScreenshot=true, javascriptEnabled=true, cssSelectorsEnabled=true}]
Session ID: ba63eb5d-e631-45d9-ac07-6a312598e363
*** Element info: {Using=xpath, value=//*[@id=&apos;loadSelectedProducts&apos;]}
	at org.openqa.selenium.remote.ErrorHandler.createThrowable(ErrorHandler.java:206)
	at org.openqa.selenium.remote.ErrorHandler.throwIfResponseFailed(ErrorHandler.java:158)
	at org.openqa.selenium.remote.RemoteWebDriver.execute(RemoteWebDriver.java:678)
	at org.openqa.selenium.remote.RemoteWebDriver.findElement(RemoteWebDriver.java:363)
	at org.openqa.selenium.remote.RemoteWebDriver.findElementByXPath(RemoteWebDriver.java:500)
	at org.openqa.selenium.By$ByXPath.findElement(By.java:361)
	at org.openqa.selenium.remote.RemoteWebDriver.findElement(RemoteWebDriver.java:355)
	at org.openqa.selenium.support.ThreadGuard$WebDriverInvocationHandler.invokeUnderlying(ThreadGuard.java:100)
	at org.openqa.selenium.support.ThreadGuard$WebDriverInvocationHandler.invoke(ThreadGuard.java:92)
	at com.sun.proxy.$Proxy10.findElement(Unknown Source)
	at org.openqa.selenium.support.pagefactory.DefaultElementLocator.findElement(DefaultElementLocator.java:69)
	at org.openqa.selenium.support.pagefactory.internal.LocatingElementHandler.invoke(LocatingElementHandler.java:38)
	at com.sun.proxy.$Proxy12.getCoordinates(Unknown Source)
	at org.openqa.selenium.interactions.internal.MouseAction.getActionLocation(MouseAction.java:51)
	at org.openqa.selenium.interactions.MoveMouseAction.perform(MoveMouseAction.java:39)
	at org.openqa.selenium.interactions.CompositeAction.perform(CompositeAction.java:50)
	at org.openqa.selenium.interactions.Actions.perform(Actions.java:373)
	at com.comcast.century.cm.pages.Page.scrollToElementandclick(Page.java:1537)
	at com.comcast.century.cm.pages.ServiceTabPageCM.ClickOnContinueButton(ServiceTabPageCM.java:182)
	at com.comcast.century.newConnect.NewConnectTest.selectService(NewConnectTest.java:130)
Caused by: org.openqa.selenium.NoSuchElementException: Unable to locate element: {&quot;method&quot;:&quot;xpath&quot;,&quot;selector&quot;:&quot;//*[@id=&apos;loadSelectedProducts&apos;]&quot;}
For documentation on this error, please visit: http://seleniumhq.org/exceptions/no_such_element.html
Build info: version: &apos;2.53.1&apos;, revision: &apos;a36b8b1cd5757287168e54b817830adce9b0158d&apos;, time: &apos;2016-06-30 19:26:09&apos;
System info: host: &apos;HQSWL-335593&apos;, ip: &apos;10.20.205.250&apos;, os.name: &apos;Windows 7&apos;, os.arch: &apos;amd64&apos;, os.version: &apos;6.1&apos;, java.version: &apos;1.8.0_77&apos;
Driver info: driver.version: unknown
	at &lt;anonymous class&gt;.FirefoxDriver.prototype.findElementInternal_(file:///C:/Users/HBOLAK~1/AppData/Local/Temp/anonymous6524808694353383799webdriver-profile/extensions/fxdriver@googlecode.com/components/driver-component.js:10770)
	at &lt;anonymous class&gt;.fxdriver.Timer.prototype.setTimeout/&lt;.notify(file:///C:/Users/HBOLAK~1/AppData/Local/Temp/anonymous6524808694353383799webdriver-profile/extensions/fxdriver@googlecode.com/components/driver-component.js:625)
... Removed 31 stack frames</div></td></tr></table><p class="totop"><a href="#summary">back to summary</a></p><h3 id="m1">com.comcast.century.newConnect.NewConnectTest#processService</h3><table class="result"><tr><th>Exception</th></tr><tr><td><div class="stacktrace">java.lang.Throwable: Method NewConnectTest.processService()[pri:0, instance:com.comcast.century.newConnect.NewConnectTest@1623b78d] depends on not successfully finished methods
... Removed 17 stack frames</div></td></tr></table><p class="totop"><a href="#summary">back to summary</a></p><h3 id="m2">com.comcast.century.newConnect.NewConnectTest#submitOrder</h3><table class="result"><tr><th>Exception</th></tr><tr><td><div class="stacktrace">java.lang.Throwable: Method NewConnectTest.submitOrder()[pri:0, instance:com.comcast.century.newConnect.NewConnectTest@1623b78d] depends on not successfully finished methods
... Removed 17 stack frames</div></td></tr></table><p class="totop"><a href="#summary">back to summary</a></p><h3 id="m3">com.comcast.century.newConnect.NewConnectTest#createAddress</h3><table class="result"></table><p class="totop"><a href="#summary">back to summary</a></p><h3 id="m4">com.comcast.century.newConnect.NewConnectTest#createBillingAccount</h3><table class="result"></table><p class="totop"><a href="#summary">back to summary</a></p><h3 id="m5">com.comcast.century.newConnect.NewConnectTest#createCustomer</h3><table class="result"></table><p class="totop"><a href="#summary">back to summary</a></p><h3 id="m6">com.comcast.century.newConnect.NewConnectTest#createServiceAccount</h3><table class="result"></table><p class="totop"><a href="#summary">back to summary</a></p></body></html>