<?xml version="1.0" encoding="UTF-8"?>
<testng-results skipped="2" failed="1" total="7" passed="4">
  <reporter-output>
  </reporter-output>
  <suite name="Suite" duration-ms="189565" started-at="2016-08-05T19:05:59Z" finished-at="2016-08-05T19:09:08Z">
    <groups>
    </groups>
    <test name="New_Connect_ME_EDI_New_connect" duration-ms="189565" started-at="2016-08-05T19:05:59Z" finished-at="2016-08-05T19:09:08Z">
      <class name="com.comcast.century.newConnect.NewConnectTest">
        <test-method status="PASS" signature="beforeTestMain(org.testng.ITestContext)[pri:0, instance:com.comcast.century.newConnect.NewConnectTest@1623b78d]" name="beforeTestMain" is-config="true" duration-ms="15217" started-at="2016-08-05T15:05:59Z" finished-at="2016-08-05T15:06:14Z">
          <params>
            <param index="0">
              <value>
                <![CDATA[org.testng.TestRunner@7479b626]]>
              </value>
            </param>
          </params>
          <reporter-output>
          </reporter-output>
        </test-method> <!-- beforeTestMain -->
        <test-method status="PASS" signature="beforeTest()[pri:0, instance:com.comcast.century.newConnect.NewConnectTest@1623b78d]" name="beforeTest" is-config="true" duration-ms="15519" started-at="2016-08-05T15:06:14Z" depends-on-methods="com.comcast.utils.ComcastTest.beforeTestMain" finished-at="2016-08-05T15:06:29Z">
          <reporter-output>
          </reporter-output>
        </test-method> <!-- beforeTest -->
        <test-method status="PASS" signature="setupData(java.lang.reflect.Method)[pri:0, instance:com.comcast.century.newConnect.NewConnectTest@1623b78d]" name="setupData" is-config="true" duration-ms="1" started-at="2016-08-05T15:06:29Z" finished-at="2016-08-05T15:06:29Z">
          <params>
            <param index="0">
              <value>
                <![CDATA[public void com.comcast.century.newConnect.NewConnectTest.createCustomer()]]>
              </value>
            </param>
          </params>
          <reporter-output>
          </reporter-output>
        </test-method> <!-- setupData -->
        <test-method status="PASS" signature="createCustomer()[pri:0, instance:com.comcast.century.newConnect.NewConnectTest@1623b78d]" name="createCustomer" duration-ms="17724" started-at="2016-08-05T15:06:29Z" finished-at="2016-08-05T15:06:47Z">
          <reporter-output>
          </reporter-output>
        </test-method> <!-- createCustomer -->
        <test-method status="PASS" signature="beforeMethod()[pri:0, instance:com.comcast.century.newConnect.NewConnectTest@1623b78d]" name="beforeMethod" is-config="true" duration-ms="0" started-at="2016-08-05T15:06:29Z" finished-at="2016-08-05T15:06:29Z">
          <reporter-output>
          </reporter-output>
        </test-method> <!-- beforeMethod -->
        <test-method status="PASS" signature="tearDown(org.testng.ITestResult)[pri:0, instance:com.comcast.century.newConnect.NewConnectTest@1623b78d]" name="tearDown" is-config="true" duration-ms="2" started-at="2016-08-05T15:06:47Z" finished-at="2016-08-05T15:06:47Z">
          <params>
            <param index="0">
              <value>
                <![CDATA[[TestResult name=createCustomer status=SUCCESS method=NewConnectTest.createCustomer()[pri:0, instance:com.comcast.century.newConnect.NewConnectTest@1623b78d] output={null}]]]>
              </value>
            </param>
          </params>
          <reporter-output>
          </reporter-output>
        </test-method> <!-- tearDown -->
        <test-method status="PASS" signature="afterMethod()[pri:0, instance:com.comcast.century.newConnect.NewConnectTest@1623b78d]" name="afterMethod" is-config="true" duration-ms="0" started-at="2016-08-05T15:06:47Z" finished-at="2016-08-05T15:06:47Z">
          <reporter-output>
          </reporter-output>
        </test-method> <!-- afterMethod -->
        <test-method status="PASS" signature="beforeMethod()[pri:0, instance:com.comcast.century.newConnect.NewConnectTest@1623b78d]" name="beforeMethod" is-config="true" duration-ms="0" started-at="2016-08-05T15:06:47Z" finished-at="2016-08-05T15:06:47Z">
          <reporter-output>
          </reporter-output>
        </test-method> <!-- beforeMethod -->
        <test-method status="PASS" signature="setupData(java.lang.reflect.Method)[pri:0, instance:com.comcast.century.newConnect.NewConnectTest@1623b78d]" name="setupData" is-config="true" duration-ms="0" started-at="2016-08-05T15:06:47Z" finished-at="2016-08-05T15:06:47Z">
          <params>
            <param index="0">
              <value>
                <![CDATA[public void com.comcast.century.newConnect.NewConnectTest.createServiceAccount() throws java.lang.InterruptedException]]>
              </value>
            </param>
          </params>
          <reporter-output>
          </reporter-output>
        </test-method> <!-- setupData -->
        <test-method status="PASS" signature="createServiceAccount()[pri:0, instance:com.comcast.century.newConnect.NewConnectTest@1623b78d]" name="createServiceAccount" duration-ms="28963" started-at="2016-08-05T15:06:47Z" depends-on-methods="com.comcast.century.newConnect.NewConnectTest.createCustomer" finished-at="2016-08-05T15:07:16Z">
          <reporter-output>
          </reporter-output>
        </test-method> <!-- createServiceAccount -->
        <test-method status="PASS" signature="afterMethod()[pri:0, instance:com.comcast.century.newConnect.NewConnectTest@1623b78d]" name="afterMethod" is-config="true" duration-ms="1" started-at="2016-08-05T15:07:16Z" finished-at="2016-08-05T15:07:16Z">
          <reporter-output>
          </reporter-output>
        </test-method> <!-- afterMethod -->
        <test-method status="PASS" signature="tearDown(org.testng.ITestResult)[pri:0, instance:com.comcast.century.newConnect.NewConnectTest@1623b78d]" name="tearDown" is-config="true" duration-ms="3" started-at="2016-08-05T15:07:16Z" finished-at="2016-08-05T15:07:16Z">
          <params>
            <param index="0">
              <value>
                <![CDATA[[TestResult name=createServiceAccount status=SUCCESS method=NewConnectTest.createServiceAccount()[pri:0, instance:com.comcast.century.newConnect.NewConnectTest@1623b78d] output={null}]]]>
              </value>
            </param>
          </params>
          <reporter-output>
          </reporter-output>
        </test-method> <!-- tearDown -->
        <test-method status="PASS" signature="setupData(java.lang.reflect.Method)[pri:0, instance:com.comcast.century.newConnect.NewConnectTest@1623b78d]" name="setupData" is-config="true" duration-ms="1" started-at="2016-08-05T15:07:16Z" finished-at="2016-08-05T15:07:16Z">
          <params>
            <param index="0">
              <value>
                <![CDATA[public void com.comcast.century.newConnect.NewConnectTest.createBillingAccount()]]>
              </value>
            </param>
          </params>
          <reporter-output>
          </reporter-output>
        </test-method> <!-- setupData -->
        <test-method status="PASS" signature="beforeMethod()[pri:0, instance:com.comcast.century.newConnect.NewConnectTest@1623b78d]" name="beforeMethod" is-config="true" duration-ms="0" started-at="2016-08-05T15:07:16Z" finished-at="2016-08-05T15:07:16Z">
          <reporter-output>
          </reporter-output>
        </test-method> <!-- beforeMethod -->
        <test-method status="PASS" signature="createBillingAccount()[pri:0, instance:com.comcast.century.newConnect.NewConnectTest@1623b78d]" name="createBillingAccount" duration-ms="46116" started-at="2016-08-05T15:07:16Z" depends-on-methods="com.comcast.century.newConnect.NewConnectTest.createServiceAccount" finished-at="2016-08-05T15:08:02Z">
          <reporter-output>
          </reporter-output>
        </test-method> <!-- createBillingAccount -->
        <test-method status="PASS" signature="tearDown(org.testng.ITestResult)[pri:0, instance:com.comcast.century.newConnect.NewConnectTest@1623b78d]" name="tearDown" is-config="true" duration-ms="5" started-at="2016-08-05T15:08:02Z" finished-at="2016-08-05T15:08:02Z">
          <params>
            <param index="0">
              <value>
                <![CDATA[[TestResult name=createBillingAccount status=SUCCESS method=NewConnectTest.createBillingAccount()[pri:0, instance:com.comcast.century.newConnect.NewConnectTest@1623b78d] output={null}]]]>
              </value>
            </param>
          </params>
          <reporter-output>
          </reporter-output>
        </test-method> <!-- tearDown -->
        <test-method status="PASS" signature="afterMethod()[pri:0, instance:com.comcast.century.newConnect.NewConnectTest@1623b78d]" name="afterMethod" is-config="true" duration-ms="0" started-at="2016-08-05T15:08:02Z" finished-at="2016-08-05T15:08:02Z">
          <reporter-output>
          </reporter-output>
        </test-method> <!-- afterMethod -->
        <test-method status="PASS" signature="setupData(java.lang.reflect.Method)[pri:0, instance:com.comcast.century.newConnect.NewConnectTest@1623b78d]" name="setupData" is-config="true" duration-ms="0" started-at="2016-08-05T15:08:02Z" finished-at="2016-08-05T15:08:02Z">
          <params>
            <param index="0">
              <value>
                <![CDATA[public void com.comcast.century.newConnect.NewConnectTest.createAddress() throws java.lang.InterruptedException]]>
              </value>
            </param>
          </params>
          <reporter-output>
          </reporter-output>
        </test-method> <!-- setupData -->
        <test-method status="PASS" signature="beforeMethod()[pri:0, instance:com.comcast.century.newConnect.NewConnectTest@1623b78d]" name="beforeMethod" is-config="true" duration-ms="0" started-at="2016-08-05T15:08:02Z" finished-at="2016-08-05T15:08:02Z">
          <reporter-output>
          </reporter-output>
        </test-method> <!-- beforeMethod -->
        <test-method status="PASS" signature="createAddress()[pri:0, instance:com.comcast.century.newConnect.NewConnectTest@1623b78d]" name="createAddress" duration-ms="34689" started-at="2016-08-05T15:08:02Z" depends-on-methods="com.comcast.century.newConnect.NewConnectTest.createBillingAccount" finished-at="2016-08-05T15:08:37Z">
          <reporter-output>
          </reporter-output>
        </test-method> <!-- createAddress -->
        <test-method status="PASS" signature="afterMethod()[pri:0, instance:com.comcast.century.newConnect.NewConnectTest@1623b78d]" name="afterMethod" is-config="true" duration-ms="0" started-at="2016-08-05T15:08:37Z" finished-at="2016-08-05T15:08:37Z">
          <reporter-output>
          </reporter-output>
        </test-method> <!-- afterMethod -->
        <test-method status="PASS" signature="tearDown(org.testng.ITestResult)[pri:0, instance:com.comcast.century.newConnect.NewConnectTest@1623b78d]" name="tearDown" is-config="true" duration-ms="2" started-at="2016-08-05T15:08:37Z" finished-at="2016-08-05T15:08:37Z">
          <params>
            <param index="0">
              <value>
                <![CDATA[[TestResult name=createAddress status=SUCCESS method=NewConnectTest.createAddress()[pri:0, instance:com.comcast.century.newConnect.NewConnectTest@1623b78d] output={null}]]]>
              </value>
            </param>
          </params>
          <reporter-output>
          </reporter-output>
        </test-method> <!-- tearDown -->
        <test-method status="FAIL" signature="selectService()[pri:0, instance:com.comcast.century.newConnect.NewConnectTest@1623b78d]" name="selectService" duration-ms="31285" started-at="2016-08-05T15:08:37Z" depends-on-methods="com.comcast.century.newConnect.NewConnectTest.createAddress" finished-at="2016-08-05T15:09:08Z">
          <exception class="org.openqa.selenium.NoSuchElementException">
            <message>
              <![CDATA[Unable to locate element: {"method":"xpath","selector":"//*[@id='loadSelectedProducts']"}
Command duration or timeout: 10.18 seconds
For documentation on this error, please visit: http://seleniumhq.org/exceptions/no_such_element.html
Build info: version: '2.53.1', revision: 'a36b8b1cd5757287168e54b817830adce9b0158d', time: '2016-06-30 19:26:09'
System info: host: 'HQSWL-335593', ip: '10.20.205.250', os.name: 'Windows 7', os.arch: 'amd64', os.version: '6.1', java.version: '1.8.0_77'
Driver info: org.openqa.selenium.firefox.FirefoxDriver
Capabilities [{applicationCacheEnabled=true, rotatable=false, handlesAlerts=true, databaseEnabled=true, version=47.0.1, platform=WINDOWS, nativeEvents=false, acceptSslCerts=true, webStorageEnabled=true, locationContextEnabled=true, browserName=firefox, takesScreenshot=true, javascriptEnabled=true, cssSelectorsEnabled=true}]
Session ID: ba63eb5d-e631-45d9-ac07-6a312598e363
*** Element info: {Using=xpath, value=//*[@id='loadSelectedProducts']}]]>
            </message>
            <full-stacktrace>
              <![CDATA[org.openqa.selenium.NoSuchElementException: Unable to locate element: {"method":"xpath","selector":"//*[@id='loadSelectedProducts']"}
Command duration or timeout: 10.18 seconds
For documentation on this error, please visit: http://seleniumhq.org/exceptions/no_such_element.html
Build info: version: '2.53.1', revision: 'a36b8b1cd5757287168e54b817830adce9b0158d', time: '2016-06-30 19:26:09'
System info: host: 'HQSWL-335593', ip: '10.20.205.250', os.name: 'Windows 7', os.arch: 'amd64', os.version: '6.1', java.version: '1.8.0_77'
Driver info: org.openqa.selenium.firefox.FirefoxDriver
Capabilities [{applicationCacheEnabled=true, rotatable=false, handlesAlerts=true, databaseEnabled=true, version=47.0.1, platform=WINDOWS, nativeEvents=false, acceptSslCerts=true, webStorageEnabled=true, locationContextEnabled=true, browserName=firefox, takesScreenshot=true, javascriptEnabled=true, cssSelectorsEnabled=true}]
Session ID: ba63eb5d-e631-45d9-ac07-6a312598e363
*** Element info: {Using=xpath, value=//*[@id='loadSelectedProducts']}
	at sun.reflect.NativeConstructorAccessorImpl.newInstance0(Native Method)
	at sun.reflect.NativeConstructorAccessorImpl.newInstance(NativeConstructorAccessorImpl.java:62)
	at sun.reflect.DelegatingConstructorAccessorImpl.newInstance(DelegatingConstructorAccessorImpl.java:45)
	at java.lang.reflect.Constructor.newInstance(Constructor.java:423)
	at org.openqa.selenium.remote.ErrorHandler.createThrowable(ErrorHandler.java:206)
	at org.openqa.selenium.remote.ErrorHandler.throwIfResponseFailed(ErrorHandler.java:158)
	at org.openqa.selenium.remote.RemoteWebDriver.execute(RemoteWebDriver.java:678)
	at org.openqa.selenium.remote.RemoteWebDriver.findElement(RemoteWebDriver.java:363)
	at org.openqa.selenium.remote.RemoteWebDriver.findElementByXPath(RemoteWebDriver.java:500)
	at org.openqa.selenium.By$ByXPath.findElement(By.java:361)
	at org.openqa.selenium.remote.RemoteWebDriver.findElement(RemoteWebDriver.java:355)
	at sun.reflect.GeneratedMethodAccessor1.invoke(Unknown Source)
	at sun.reflect.DelegatingMethodAccessorImpl.invoke(DelegatingMethodAccessorImpl.java:43)
	at java.lang.reflect.Method.invoke(Method.java:498)
	at org.openqa.selenium.support.ThreadGuard$WebDriverInvocationHandler.invokeUnderlying(ThreadGuard.java:100)
	at org.openqa.selenium.support.ThreadGuard$WebDriverInvocationHandler.invoke(ThreadGuard.java:92)
	at com.sun.proxy.$Proxy10.findElement(Unknown Source)
	at org.openqa.selenium.support.pagefactory.DefaultElementLocator.findElement(DefaultElementLocator.java:69)
	at org.openqa.selenium.support.pagefactory.internal.LocatingElementHandler.invoke(LocatingElementHandler.java:38)
	at com.sun.proxy.$Proxy12.getCoordinates(Unknown Source)
	at org.openqa.selenium.interactions.internal.MouseAction.getActionLocation(MouseAction.java:51)
	at org.openqa.selenium.interactions.MoveMouseAction.perform(MoveMouseAction.java:39)
	at org.openqa.selenium.interactions.CompositeAction.perform(CompositeAction.java:50)
	at org.openqa.selenium.interactions.Actions.perform(Actions.java:373)
	at com.comcast.century.cm.pages.Page.scrollToElementandclick(Page.java:1537)
	at com.comcast.century.cm.pages.ServiceTabPageCM.ClickOnContinueButton(ServiceTabPageCM.java:182)
	at com.comcast.century.newConnect.NewConnectTest.selectService(NewConnectTest.java:130)
	at sun.reflect.NativeMethodAccessorImpl.invoke0(Native Method)
	at sun.reflect.NativeMethodAccessorImpl.invoke(NativeMethodAccessorImpl.java:62)
	at sun.reflect.DelegatingMethodAccessorImpl.invoke(DelegatingMethodAccessorImpl.java:43)
	at java.lang.reflect.Method.invoke(Method.java:498)
	at org.testng.internal.MethodInvocationHelper.invokeMethod(MethodInvocationHelper.java:85)
	at org.testng.internal.Invoker.invokeMethod(Invoker.java:639)
	at org.testng.internal.Invoker.invokeTestMethod(Invoker.java:816)
	at org.testng.internal.Invoker.invokeTestMethods(Invoker.java:1124)
	at org.testng.internal.TestMethodWorker.invokeTestMethods(TestMethodWorker.java:125)
	at org.testng.internal.TestMethodWorker.run(TestMethodWorker.java:108)
	at org.testng.TestRunner.privateRun(TestRunner.java:774)
	at org.testng.TestRunner.run(TestRunner.java:624)
	at org.testng.SuiteRunner.runTest(SuiteRunner.java:359)
	at org.testng.SuiteRunner.runSequentially(SuiteRunner.java:354)
	at org.testng.SuiteRunner.privateRun(SuiteRunner.java:312)
	at org.testng.SuiteRunner.run(SuiteRunner.java:261)
	at org.testng.SuiteRunnerWorker.runSuite(SuiteRunnerWorker.java:52)
	at org.testng.SuiteRunnerWorker.run(SuiteRunnerWorker.java:86)
	at org.testng.TestNG.runSuitesSequentially(TestNG.java:1191)
	at org.testng.TestNG.runSuitesLocally(TestNG.java:1116)
	at org.testng.TestNG.run(TestNG.java:1024)
	at org.testng.remote.AbstractRemoteTestNG.run(AbstractRemoteTestNG.java:126)
	at org.testng.remote.RemoteTestNG.initAndRun(RemoteTestNG.java:137)
	at org.testng.remote.RemoteTestNG.main(RemoteTestNG.java:58)
Caused by: org.openqa.selenium.NoSuchElementException: Unable to locate element: {"method":"xpath","selector":"//*[@id='loadSelectedProducts']"}
For documentation on this error, please visit: http://seleniumhq.org/exceptions/no_such_element.html
Build info: version: '2.53.1', revision: 'a36b8b1cd5757287168e54b817830adce9b0158d', time: '2016-06-30 19:26:09'
System info: host: 'HQSWL-335593', ip: '10.20.205.250', os.name: 'Windows 7', os.arch: 'amd64', os.version: '6.1', java.version: '1.8.0_77'
Driver info: driver.version: unknown
	at <anonymous class>.FirefoxDriver.prototype.findElementInternal_(file:///C:/Users/HBOLAK~1/AppData/Local/Temp/anonymous6524808694353383799webdriver-profile/extensions/fxdriver@googlecode.com/components/driver-component.js:10770)
	at <anonymous class>.fxdriver.Timer.prototype.setTimeout/<.notify(file:///C:/Users/HBOLAK~1/AppData/Local/Temp/anonymous6524808694353383799webdriver-profile/extensions/fxdriver@googlecode.com/components/driver-component.js:625)
]]>
            </full-stacktrace>
          </exception> <!-- org.openqa.selenium.NoSuchElementException -->
          <reporter-output>
          </reporter-output>
        </test-method> <!-- selectService -->
        <test-method status="PASS" signature="setupData(java.lang.reflect.Method)[pri:0, instance:com.comcast.century.newConnect.NewConnectTest@1623b78d]" name="setupData" is-config="true" duration-ms="0" started-at="2016-08-05T15:08:37Z" finished-at="2016-08-05T15:08:37Z">
          <params>
            <param index="0">
              <value>
                <![CDATA[public void com.comcast.century.newConnect.NewConnectTest.selectService() throws java.lang.InterruptedException]]>
              </value>
            </param>
          </params>
          <reporter-output>
          </reporter-output>
        </test-method> <!-- setupData -->
        <test-method status="PASS" signature="beforeMethod()[pri:0, instance:com.comcast.century.newConnect.NewConnectTest@1623b78d]" name="beforeMethod" is-config="true" duration-ms="0" started-at="2016-08-05T15:08:37Z" finished-at="2016-08-05T15:08:37Z">
          <reporter-output>
          </reporter-output>
        </test-method> <!-- beforeMethod -->
        <test-method status="PASS" signature="afterMethod()[pri:0, instance:com.comcast.century.newConnect.NewConnectTest@1623b78d]" name="afterMethod" is-config="true" duration-ms="0" started-at="2016-08-05T15:09:08Z" finished-at="2016-08-05T15:09:08Z">
          <reporter-output>
          </reporter-output>
        </test-method> <!-- afterMethod -->
        <test-method status="PASS" signature="tearDown(org.testng.ITestResult)[pri:0, instance:com.comcast.century.newConnect.NewConnectTest@1623b78d]" name="tearDown" is-config="true" duration-ms="5" started-at="2016-08-05T15:09:08Z" finished-at="2016-08-05T15:09:08Z">
          <params>
            <param index="0">
              <value>
                <![CDATA[[TestResult name=selectService status=FAILURE method=NewConnectTest.selectService()[pri:0, instance:com.comcast.century.newConnect.NewConnectTest@1623b78d] output={null}]]]>
              </value>
            </param>
          </params>
          <reporter-output>
          </reporter-output>
        </test-method> <!-- tearDown -->
        <test-method status="SKIP" signature="processService()[pri:0, instance:com.comcast.century.newConnect.NewConnectTest@1623b78d]" name="processService" duration-ms="0" started-at="2016-08-05T15:09:08Z" depends-on-methods="com.comcast.century.newConnect.NewConnectTest.selectService" finished-at="2016-08-05T15:09:08Z">
          <exception class="java.lang.Throwable">
            <message>
              <![CDATA[Method NewConnectTest.processService()[pri:0, instance:com.comcast.century.newConnect.NewConnectTest@1623b78d] depends on not successfully finished methods]]>
            </message>
            <full-stacktrace>
              <![CDATA[java.lang.Throwable: Method NewConnectTest.processService()[pri:0, instance:com.comcast.century.newConnect.NewConnectTest@1623b78d] depends on not successfully finished methods
	at org.testng.internal.Invoker.invokeTestMethods(Invoker.java:1033)
	at org.testng.internal.TestMethodWorker.invokeTestMethods(TestMethodWorker.java:125)
	at org.testng.internal.TestMethodWorker.run(TestMethodWorker.java:108)
	at org.testng.TestRunner.privateRun(TestRunner.java:774)
	at org.testng.TestRunner.run(TestRunner.java:624)
	at org.testng.SuiteRunner.runTest(SuiteRunner.java:359)
	at org.testng.SuiteRunner.runSequentially(SuiteRunner.java:354)
	at org.testng.SuiteRunner.privateRun(SuiteRunner.java:312)
	at org.testng.SuiteRunner.run(SuiteRunner.java:261)
	at org.testng.SuiteRunnerWorker.runSuite(SuiteRunnerWorker.java:52)
	at org.testng.SuiteRunnerWorker.run(SuiteRunnerWorker.java:86)
	at org.testng.TestNG.runSuitesSequentially(TestNG.java:1191)
	at org.testng.TestNG.runSuitesLocally(TestNG.java:1116)
	at org.testng.TestNG.run(TestNG.java:1024)
	at org.testng.remote.AbstractRemoteTestNG.run(AbstractRemoteTestNG.java:126)
	at org.testng.remote.RemoteTestNG.initAndRun(RemoteTestNG.java:137)
	at org.testng.remote.RemoteTestNG.main(RemoteTestNG.java:58)
]]>
            </full-stacktrace>
          </exception> <!-- java.lang.Throwable -->
          <reporter-output>
          </reporter-output>
        </test-method> <!-- processService -->
        <test-method status="SKIP" signature="submitOrder()[pri:0, instance:com.comcast.century.newConnect.NewConnectTest@1623b78d]" name="submitOrder" duration-ms="0" started-at="2016-08-05T15:09:08Z" depends-on-methods="com.comcast.century.newConnect.NewConnectTest.processService" finished-at="2016-08-05T15:09:08Z">
          <exception class="java.lang.Throwable">
            <message>
              <![CDATA[Method NewConnectTest.submitOrder()[pri:0, instance:com.comcast.century.newConnect.NewConnectTest@1623b78d] depends on not successfully finished methods]]>
            </message>
            <full-stacktrace>
              <![CDATA[java.lang.Throwable: Method NewConnectTest.submitOrder()[pri:0, instance:com.comcast.century.newConnect.NewConnectTest@1623b78d] depends on not successfully finished methods
	at org.testng.internal.Invoker.invokeTestMethods(Invoker.java:1033)
	at org.testng.internal.TestMethodWorker.invokeTestMethods(TestMethodWorker.java:125)
	at org.testng.internal.TestMethodWorker.run(TestMethodWorker.java:108)
	at org.testng.TestRunner.privateRun(TestRunner.java:774)
	at org.testng.TestRunner.run(TestRunner.java:624)
	at org.testng.SuiteRunner.runTest(SuiteRunner.java:359)
	at org.testng.SuiteRunner.runSequentially(SuiteRunner.java:354)
	at org.testng.SuiteRunner.privateRun(SuiteRunner.java:312)
	at org.testng.SuiteRunner.run(SuiteRunner.java:261)
	at org.testng.SuiteRunnerWorker.runSuite(SuiteRunnerWorker.java:52)
	at org.testng.SuiteRunnerWorker.run(SuiteRunnerWorker.java:86)
	at org.testng.TestNG.runSuitesSequentially(TestNG.java:1191)
	at org.testng.TestNG.runSuitesLocally(TestNG.java:1116)
	at org.testng.TestNG.run(TestNG.java:1024)
	at org.testng.remote.AbstractRemoteTestNG.run(AbstractRemoteTestNG.java:126)
	at org.testng.remote.RemoteTestNG.initAndRun(RemoteTestNG.java:137)
	at org.testng.remote.RemoteTestNG.main(RemoteTestNG.java:58)
]]>
            </full-stacktrace>
          </exception> <!-- java.lang.Throwable -->
          <reporter-output>
          </reporter-output>
        </test-method> <!-- submitOrder -->
        <test-method status="PASS" signature="endReportSummaryReport()[pri:0, instance:com.comcast.century.newConnect.NewConnectTest@1623b78d]" name="endReportSummaryReport" is-config="true" duration-ms="2" started-at="2016-08-05T15:09:08Z" finished-at="2016-08-05T15:09:08Z">
          <reporter-output>
          </reporter-output>
        </test-method> <!-- endReportSummaryReport -->
        <test-method status="PASS" signature="afterTest()[pri:0, instance:com.comcast.century.newConnect.NewConnectTest@1623b78d]" name="afterTest" is-config="true" duration-ms="0" started-at="2016-08-05T15:09:08Z" finished-at="2016-08-05T15:09:08Z">
          <reporter-output>
          </reporter-output>
        </test-method> <!-- afterTest -->
        <test-method status="PASS" signature="afterTestMain()[pri:0, instance:com.comcast.century.newConnect.NewConnectTest@1623b78d]" name="afterTestMain" is-config="true" duration-ms="1" started-at="2016-08-05T15:09:08Z" depends-on-methods="com.comcast.century.newConnect.NewConnectTest.afterTest" finished-at="2016-08-05T15:09:08Z">
          <reporter-output>
          </reporter-output>
        </test-method> <!-- afterTestMain -->
      </class> <!-- com.comcast.century.newConnect.NewConnectTest -->
    </test> <!-- New_Connect_ME_EDI_New_connect -->
  </suite> <!-- Suite -->
</testng-results>
